<?xml version="1.0" encoding="utf-8"?><testsuites><testsuite name="pytest" errors="0" failures="0" skipped="0" tests="9" time="0.415" timestamp="2025-04-09T16:58:51.134462-07:00" hostname="Manojs-MacBook-Pro.local"><testcase classname="tests.test_actions" name="test_action_recommend_database_different_types[Structured data, vendor app-$500.00 per month]" time="0.003" /><testcase classname="tests.test_actions" name="test_action_recommend_database_different_types[Unstructured data-$200.00 per month]" time="0.004" /><testcase classname="tests.test_actions" name="test_action_submit_request" time="0.003" /><testcase classname="tests.test_actions" name="test_action_restart" time="0.003" /><testcase classname="tests.test_actions" name="test_action_process_object_list" time="0.003" /><testcase classname="tests.test_actions" name="test_action_process_empty_object_list" time="0.003" /><testcase classname="tests.test_actions" name="test_action_export_definition" time="0.003" /><testcase classname="tests.test_actions" name="test_action_validate_template" time="0.002" /><testcase classname="tests.test_actions" name="test_action_validate_template_unknown" time="0.002" /></testsuite></testsuites>